<?xml version="1.0" encoding="UTF-8"?>
<testng-results ignored="0" total="6" passed="4" failed="2" skipped="0">
  <reporter-output>
  </reporter-output>
  <suite started-at="2025-09-24T09:29:07 EDT" name="RedditTestSuite" finished-at="2025-09-24T09:29:19 EDT" duration-ms="12693">
    <groups>
    </groups>
    <test started-at="2025-09-24T09:29:07 EDT" name="Chrome_Tests" finished-at="2025-09-24T09:29:14 EDT" duration-ms="6872">
      <class name="tests.RedditHomePageTest">
        <test-method is-config="true" signature="setUp(java.lang.String)[pri:0, instance:tests.RedditHomePageTest@4e08711f]" started-at="2025-09-24T09:29:12 EDT" name="setUp" finished-at="2025-09-24T09:29:13 EDT" duration-ms="1575" status="PASS">
          <params>
            <param index="0">
              <value>
                <![CDATA[chrome]]>
              </value>
            </param>
          </params>
          <reporter-output>
          </reporter-output>
        </test-method> <!-- setUp -->
        <test-method signature="testLoginLinkVisible()[pri:0, instance:tests.RedditHomePageTest@4e08711f]" started-at="2025-09-24T09:29:13 EDT" name="testLoginLinkVisible" finished-at="2025-09-24T09:29:14 EDT" duration-ms="100" status="PASS">
          <reporter-output>
          </reporter-output>
        </test-method> <!-- testLoginLinkVisible -->
        <test-method is-config="true" signature="tearDown()[pri:0, instance:tests.RedditHomePageTest@4e08711f]" started-at="2025-09-24T09:29:14 EDT" name="tearDown" finished-at="2025-09-24T09:29:14 EDT" duration-ms="91" status="PASS">
          <reporter-output>
          </reporter-output>
        </test-method> <!-- tearDown -->
      </class> <!-- tests.RedditHomePageTest -->
      <class name="tests.RedditTitleTest">
        <test-method is-config="true" signature="setUp(java.lang.String)[pri:0, instance:tests.RedditTitleTest@292b08d6]" started-at="2025-09-24T09:29:07 EDT" name="setUp" finished-at="2025-09-24T09:29:09 EDT" duration-ms="2720" status="PASS">
          <params>
            <param index="0">
              <value>
                <![CDATA[chrome]]>
              </value>
            </param>
          </params>
          <reporter-output>
          </reporter-output>
        </test-method> <!-- setUp -->
        <test-method signature="testPageTitle()[pri:0, instance:tests.RedditTitleTest@292b08d6]" started-at="2025-09-24T09:29:09 EDT" name="testPageTitle" finished-at="2025-09-24T09:29:10 EDT" duration-ms="34" status="PASS">
          <reporter-output>
          </reporter-output>
        </test-method> <!-- testPageTitle -->
        <test-method is-config="true" signature="tearDown()[pri:0, instance:tests.RedditTitleTest@292b08d6]" started-at="2025-09-24T09:29:10 EDT" name="tearDown" finished-at="2025-09-24T09:29:10 EDT" duration-ms="104" status="PASS">
          <reporter-output>
          </reporter-output>
        </test-method> <!-- tearDown -->
      </class> <!-- tests.RedditTitleTest -->
      <class name="tests.RedditLoginTest">
        <test-method is-config="true" signature="setUp(java.lang.String)[pri:0, instance:tests.RedditLoginTest@4b2bac3f]" started-at="2025-09-24T09:29:10 EDT" name="setUp" finished-at="2025-09-24T09:29:12 EDT" duration-ms="2035" status="PASS">
          <params>
            <param index="0">
              <value>
                <![CDATA[chrome]]>
              </value>
            </param>
          </params>
          <reporter-output>
          </reporter-output>
        </test-method> <!-- setUp -->
        <test-method signature="testLogin()[pri:0, instance:tests.RedditLoginTest@4b2bac3f]" started-at="2025-09-24T09:29:12 EDT" name="testLogin" finished-at="2025-09-24T09:29:12 EDT" duration-ms="74" status="FAIL">
          <exception class="java.lang.RuntimeException">
            <message>
              <![CDATA[Could not find shadow element: shreddit-app > auth-flow-manager > faceplate-partial > auth-flow-login > faceplate-tabpanel > faceplate-form#login > auth-flow-modal > faceplate-text-input#login-username > input]]>
            </message>
            <full-stacktrace>
              <![CDATA[java.lang.RuntimeException: Could not find shadow element: shreddit-app > auth-flow-manager > faceplate-partial > auth-flow-login > faceplate-tabpanel > faceplate-form#login > auth-flow-modal > faceplate-text-input#login-username > input
at pages.RedditLoginPage.getShadowElement(RedditLoginPage.java:45)
at pages.RedditLoginPage.enterUsername(RedditLoginPage.java:52)
at tests.RedditLoginTest.testLogin(RedditLoginTest.java:15)
at java.base/jdk.internal.reflect.DirectMethodHandleAccessor.invoke(DirectMethodHandleAccessor.java:103)
at java.base/java.lang.reflect.Method.invoke(Method.java:580)
at org.testng.internal.invokers.MethodInvocationHelper.invokeMethod(MethodInvocationHelper.java:141)
at org.testng.internal.invokers.TestInvoker.invokeMethod(TestInvoker.java:686)
at org.testng.internal.invokers.TestInvoker.invokeTestMethod(TestInvoker.java:230)
at org.testng.internal.invokers.MethodRunner.runInSequence(MethodRunner.java:63)
at org.testng.internal.invokers.TestInvoker$MethodInvocationAgent.invoke(TestInvoker.java:992)
at org.testng.internal.invokers.TestInvoker.invokeTestMethods(TestInvoker.java:203)
at org.testng.internal.invokers.TestMethodWorker.invokeTestMethods(TestMethodWorker.java:154)
at org.testng.internal.invokers.TestMethodWorker.run(TestMethodWorker.java:134)
at java.base/java.util.ArrayList.forEach(ArrayList.java:1596)
at org.testng.TestRunner.privateRun(TestRunner.java:739)
at org.testng.TestRunner.run(TestRunner.java:614)
at org.testng.SuiteRunner.runTest(SuiteRunner.java:421)
at org.testng.SuiteRunner$SuiteWorker.run(SuiteRunner.java:463)
at org.testng.internal.thread.ThreadUtil.lambda$execute$0(ThreadUtil.java:64)
at java.base/java.util.concurrent.FutureTask.run(FutureTask.java:317)
at java.base/java.util.concurrent.ThreadPoolExecutor.runWorker(ThreadPoolExecutor.java:1144)
at java.base/java.util.concurrent.ThreadPoolExecutor$Worker.run(ThreadPoolExecutor.java:642)
at java.base/java.lang.Thread.run(Thread.java:1583)
]]>
            </full-stacktrace>
          </exception> <!-- java.lang.RuntimeException -->
          <reporter-output>
          </reporter-output>
        </test-method> <!-- testLogin -->
        <test-method is-config="true" signature="tearDown()[pri:0, instance:tests.RedditLoginTest@4b2bac3f]" started-at="2025-09-24T09:29:12 EDT" name="tearDown" finished-at="2025-09-24T09:29:12 EDT" duration-ms="106" status="PASS">
          <reporter-output>
          </reporter-output>
        </test-method> <!-- tearDown -->
      </class> <!-- tests.RedditLoginTest -->
    </test> <!-- Chrome_Tests -->
    <test started-at="2025-09-24T09:29:07 EDT" name="Firefox_Tests" finished-at="2025-09-24T09:29:19 EDT" duration-ms="12693">
      <class name="tests.RedditHomePageTest">
        <test-method is-config="true" signature="setUp(java.lang.String)[pri:0, instance:tests.RedditHomePageTest@1e66f1f5]" started-at="2025-09-24T09:29:15 EDT" name="setUp" finished-at="2025-09-24T09:29:19 EDT" duration-ms="3835" status="PASS">
          <params>
            <param index="0">
              <value>
                <![CDATA[firefox]]>
              </value>
            </param>
          </params>
          <reporter-output>
          </reporter-output>
        </test-method> <!-- setUp -->
        <test-method signature="testLoginLinkVisible()[pri:0, instance:tests.RedditHomePageTest@1e66f1f5]" started-at="2025-09-24T09:29:19 EDT" name="testLoginLinkVisible" finished-at="2025-09-24T09:29:19 EDT" duration-ms="5" status="PASS">
          <reporter-output>
          </reporter-output>
        </test-method> <!-- testLoginLinkVisible -->
        <test-method is-config="true" signature="tearDown()[pri:0, instance:tests.RedditHomePageTest@1e66f1f5]" started-at="2025-09-24T09:29:19 EDT" name="tearDown" finished-at="2025-09-24T09:29:19 EDT" duration-ms="565" status="PASS">
          <reporter-output>
          </reporter-output>
        </test-method> <!-- tearDown -->
      </class> <!-- tests.RedditHomePageTest -->
      <class name="tests.RedditTitleTest">
        <test-method is-config="true" signature="setUp(java.lang.String)[pri:0, instance:tests.RedditTitleTest@79d8407f]" started-at="2025-09-24T09:29:07 EDT" name="setUp" finished-at="2025-09-24T09:29:11 EDT" duration-ms="3995" status="PASS">
          <params>
            <param index="0">
              <value>
                <![CDATA[firefox]]>
              </value>
            </param>
          </params>
          <reporter-output>
          </reporter-output>
        </test-method> <!-- setUp -->
        <test-method signature="testPageTitle()[pri:0, instance:tests.RedditTitleTest@79d8407f]" started-at="2025-09-24T09:29:11 EDT" name="testPageTitle" finished-at="2025-09-24T09:29:11 EDT" duration-ms="3" status="PASS">
          <reporter-output>
          </reporter-output>
        </test-method> <!-- testPageTitle -->
        <test-method is-config="true" signature="tearDown()[pri:0, instance:tests.RedditTitleTest@79d8407f]" started-at="2025-09-24T09:29:11 EDT" name="tearDown" finished-at="2025-09-24T09:29:11 EDT" duration-ms="573" status="PASS">
          <reporter-output>
          </reporter-output>
        </test-method> <!-- tearDown -->
      </class> <!-- tests.RedditTitleTest -->
      <class name="tests.RedditLoginTest">
        <test-method is-config="true" signature="setUp(java.lang.String)[pri:0, instance:tests.RedditLoginTest@5fbe4146]" started-at="2025-09-24T09:29:11 EDT" name="setUp" finished-at="2025-09-24T09:29:14 EDT" duration-ms="2985" status="PASS">
          <params>
            <param index="0">
              <value>
                <![CDATA[firefox]]>
              </value>
            </param>
          </params>
          <reporter-output>
          </reporter-output>
        </test-method> <!-- setUp -->
        <test-method signature="testLogin()[pri:0, instance:tests.RedditLoginTest@5fbe4146]" started-at="2025-09-24T09:29:14 EDT" name="testLogin" finished-at="2025-09-24T09:29:14 EDT" duration-ms="164" status="FAIL">
          <exception class="java.lang.RuntimeException">
            <message>
              <![CDATA[Could not find shadow element: shreddit-app > auth-flow-manager > faceplate-partial > auth-flow-login > faceplate-tabpanel > faceplate-form#login > auth-flow-modal > faceplate-text-input#login-username > input]]>
            </message>
            <full-stacktrace>
              <![CDATA[java.lang.RuntimeException: Could not find shadow element: shreddit-app > auth-flow-manager > faceplate-partial > auth-flow-login > faceplate-tabpanel > faceplate-form#login > auth-flow-modal > faceplate-text-input#login-username > input
at pages.RedditLoginPage.getShadowElement(RedditLoginPage.java:45)
at pages.RedditLoginPage.enterUsername(RedditLoginPage.java:52)
at tests.RedditLoginTest.testLogin(RedditLoginTest.java:15)
at java.base/jdk.internal.reflect.DirectMethodHandleAccessor.invoke(DirectMethodHandleAccessor.java:103)
at java.base/java.lang.reflect.Method.invoke(Method.java:580)
at org.testng.internal.invokers.MethodInvocationHelper.invokeMethod(MethodInvocationHelper.java:141)
at org.testng.internal.invokers.TestInvoker.invokeMethod(TestInvoker.java:686)
at org.testng.internal.invokers.TestInvoker.invokeTestMethod(TestInvoker.java:230)
at org.testng.internal.invokers.MethodRunner.runInSequence(MethodRunner.java:63)
at org.testng.internal.invokers.TestInvoker$MethodInvocationAgent.invoke(TestInvoker.java:992)
at org.testng.internal.invokers.TestInvoker.invokeTestMethods(TestInvoker.java:203)
at org.testng.internal.invokers.TestMethodWorker.invokeTestMethods(TestMethodWorker.java:154)
at org.testng.internal.invokers.TestMethodWorker.run(TestMethodWorker.java:134)
at java.base/java.util.ArrayList.forEach(ArrayList.java:1596)
at org.testng.TestRunner.privateRun(TestRunner.java:739)
at org.testng.TestRunner.run(TestRunner.java:614)
at org.testng.SuiteRunner.runTest(SuiteRunner.java:421)
at org.testng.SuiteRunner$SuiteWorker.run(SuiteRunner.java:463)
at org.testng.internal.thread.ThreadUtil.lambda$execute$0(ThreadUtil.java:64)
at java.base/java.util.concurrent.FutureTask.run(FutureTask.java:317)
at java.base/java.util.concurrent.ThreadPoolExecutor.runWorker(ThreadPoolExecutor.java:1144)
at java.base/java.util.concurrent.ThreadPoolExecutor$Worker.run(ThreadPoolExecutor.java:642)
at java.base/java.lang.Thread.run(Thread.java:1583)
]]>
            </full-stacktrace>
          </exception> <!-- java.lang.RuntimeException -->
          <reporter-output>
          </reporter-output>
        </test-method> <!-- testLogin -->
        <test-method is-config="true" signature="tearDown()[pri:0, instance:tests.RedditLoginTest@5fbe4146]" started-at="2025-09-24T09:29:14 EDT" name="tearDown" finished-at="2025-09-24T09:29:15 EDT" duration-ms="540" status="PASS">
          <reporter-output>
          </reporter-output>
        </test-method> <!-- tearDown -->
      </class> <!-- tests.RedditLoginTest -->
    </test> <!-- Firefox_Tests -->
  </suite> <!-- RedditTestSuite -->
</testng-results>
