<?xml version="1.0" encoding="UTF-8"?>
<!-- Generated by org.testng.reporters.JUnitReportReporter -->
<testsuite hostname="DESKTOP-HA4J20Q" failures="0" tests="2" name="tests.RedditLoginTest" time="5.904" errors="2" timestamp="2025-09-24T09:29:19 EDT" skipped="0">
  <testcase classname="tests.RedditLoginTest" name="testLogin" time="2.215">
    <error message="Could not find shadow element: shreddit-app &gt; auth-flow-manager &gt; faceplate-partial &gt; auth-flow-login &gt; faceplate-tabpanel &gt; faceplate-form#login &gt; auth-flow-modal &gt; faceplate-text-input#login-username &gt; input" type="java.lang.RuntimeException">
      <![CDATA[java.lang.RuntimeException: Could not find shadow element: shreddit-app > auth-flow-manager > faceplate-partial > auth-flow-login > faceplate-tabpanel > faceplate-form#login > auth-flow-modal > faceplate-text-input#login-username > input
at pages.RedditLoginPage.getShadowElement(RedditLoginPage.java:45)
at pages.RedditLoginPage.enterUsername(RedditLoginPage.java:52)
at tests.RedditLoginTest.testLogin(RedditLoginTest.java:15)
at java.base/jdk.internal.reflect.DirectMethodHandleAccessor.invoke(DirectMethodHandleAccessor.java:103)
at java.base/java.lang.reflect.Method.invoke(Method.java:580)
at org.testng.internal.invokers.MethodInvocationHelper.invokeMethod(MethodInvocationHelper.java:141)
at org.testng.internal.invokers.TestInvoker.invokeMethod(TestInvoker.java:686)
at org.testng.internal.invokers.TestInvoker.invokeTestMethod(TestInvoker.java:230)
at org.testng.internal.invokers.MethodRunner.runInSequence(MethodRunner.java:63)
at org.testng.internal.invokers.TestInvoker$MethodInvocationAgent.invoke(TestInvoker.java:992)
at org.testng.internal.invokers.TestInvoker.invokeTestMethods(TestInvoker.java:203)
at org.testng.internal.invokers.TestMethodWorker.invokeTestMethods(TestMethodWorker.java:154)
at org.testng.internal.invokers.TestMethodWorker.run(TestMethodWorker.java:134)
at java.base/java.util.ArrayList.forEach(ArrayList.java:1596)
at org.testng.TestRunner.privateRun(TestRunner.java:739)
at org.testng.TestRunner.run(TestRunner.java:614)
at org.testng.SuiteRunner.runTest(SuiteRunner.java:421)
at org.testng.SuiteRunner$SuiteWorker.run(SuiteRunner.java:463)
at org.testng.internal.thread.ThreadUtil.lambda$execute$0(ThreadUtil.java:64)
at java.base/java.util.concurrent.FutureTask.run(FutureTask.java:317)
at java.base/java.util.concurrent.ThreadPoolExecutor.runWorker(ThreadPoolExecutor.java:1144)
at java.base/java.util.concurrent.ThreadPoolExecutor$Worker.run(ThreadPoolExecutor.java:642)
at java.base/java.lang.Thread.run(Thread.java:1583)
]]>
    </error>
  </testcase> <!-- testLogin -->
  <testcase classname="tests.RedditLoginTest" name="testLogin" time="3.689">
    <error message="Could not find shadow element: shreddit-app &gt; auth-flow-manager &gt; faceplate-partial &gt; auth-flow-login &gt; faceplate-tabpanel &gt; faceplate-form#login &gt; auth-flow-modal &gt; faceplate-text-input#login-username &gt; input" type="java.lang.RuntimeException">
      <![CDATA[java.lang.RuntimeException: Could not find shadow element: shreddit-app > auth-flow-manager > faceplate-partial > auth-flow-login > faceplate-tabpanel > faceplate-form#login > auth-flow-modal > faceplate-text-input#login-username > input
at pages.RedditLoginPage.getShadowElement(RedditLoginPage.java:45)
at pages.RedditLoginPage.enterUsername(RedditLoginPage.java:52)
at tests.RedditLoginTest.testLogin(RedditLoginTest.java:15)
at java.base/jdk.internal.reflect.DirectMethodHandleAccessor.invoke(DirectMethodHandleAccessor.java:103)
at java.base/java.lang.reflect.Method.invoke(Method.java:580)
at org.testng.internal.invokers.MethodInvocationHelper.invokeMethod(MethodInvocationHelper.java:141)
at org.testng.internal.invokers.TestInvoker.invokeMethod(TestInvoker.java:686)
at org.testng.internal.invokers.TestInvoker.invokeTestMethod(TestInvoker.java:230)
at org.testng.internal.invokers.MethodRunner.runInSequence(MethodRunner.java:63)
at org.testng.internal.invokers.TestInvoker$MethodInvocationAgent.invoke(TestInvoker.java:992)
at org.testng.internal.invokers.TestInvoker.invokeTestMethods(TestInvoker.java:203)
at org.testng.internal.invokers.TestMethodWorker.invokeTestMethods(TestMethodWorker.java:154)
at org.testng.internal.invokers.TestMethodWorker.run(TestMethodWorker.java:134)
at java.base/java.util.ArrayList.forEach(ArrayList.java:1596)
at org.testng.TestRunner.privateRun(TestRunner.java:739)
at org.testng.TestRunner.run(TestRunner.java:614)
at org.testng.SuiteRunner.runTest(SuiteRunner.java:421)
at org.testng.SuiteRunner$SuiteWorker.run(SuiteRunner.java:463)
at org.testng.internal.thread.ThreadUtil.lambda$execute$0(ThreadUtil.java:64)
at java.base/java.util.concurrent.FutureTask.run(FutureTask.java:317)
at java.base/java.util.concurrent.ThreadPoolExecutor.runWorker(ThreadPoolExecutor.java:1144)
at java.base/java.util.concurrent.ThreadPoolExecutor$Worker.run(ThreadPoolExecutor.java:642)
at java.base/java.lang.Thread.run(Thread.java:1583)
]]>
    </error>
  </testcase> <!-- testLogin -->
</testsuite> <!-- tests.RedditLoginTest -->
